* using log directory 'C:/MainR/cartlm/cartlm.Rcheck'
* using R version 4.2.0 (2022-04-22 ucrt)
* using platform: x86_64-w64-mingw32 (64-bit)
* using session charset: UTF-8
* using option '--no-manual'
* checking for file 'cartlm/DESCRIPTION' ... OK
* checking extension type ... Package
* this is package 'cartlm' version '1.0'
* package encoding: UTF-8
* checking package namespace information ... OK
* checking package dependencies ... OK
* checking if this is a source package ... WARNING
Subdirectory 'cartlm/src' contains apparent object files/libraries
  RcppExports.o cartlm.dll reglm.o
Object files/libraries should not be included in a source package.
* checking if there is a namespace ... OK
* checking for executable files ... WARNING
Found the following executable file:
  src/cartlm.dll
Source packages should not contain undeclared executable files.
See section 'Package structure' in the 'Writing R Extensions' manual.
* checking for hidden files and directories ... NOTE
Found the following hidden files and directories:
  .RData
  .Rhistory
  .gitignore
  .Rproj.user
  .git
These were most likely included in error. See section 'Package
structure' in the 'Writing R Extensions' manual.
* checking for portable file names ... OK
* checking whether package 'cartlm' can be installed ... WARNING
Found the following significant warnings:
  Warning: cartlm-package.Rd:27: All text must be in a section
  Warning: cartlm-package.Rd:28: All text must be in a section
See 'C:/MainR/cartlm/cartlm.Rcheck/00install.out' for details.
* checking installed package size ... OK
* checking package directory ... OK
* checking DESCRIPTION meta-information ... NOTE
Malformed Description field: should contain one or more complete sentences.
Non-standard license specification:
  MIT-License
Standardizable: FALSE
Checking should be performed on sources prepared by 'R CMD build'.
* checking top-level files ... NOTE
File
  LICENSE
is not mentioned in the DESCRIPTION file.
* checking for left-over files ... OK
* checking index information ... OK
* checking package subdirectories ... WARNING
Found the following directory with the name of a check directory:
  ./cartlm.Rcheck
Most likely, these were included erroneously.
* checking R files for non-ASCII characters ... OK
* checking R files for syntax errors ... OK
* checking whether the package can be loaded ... OK
* checking whether the package can be loaded with stated dependencies ... OK
* checking whether the package can be unloaded cleanly ... OK
* checking whether the namespace can be loaded with stated dependencies ... OK
* checking whether the namespace can be unloaded cleanly ... OK
* checking loading without being on the library search path ... OK
* checking dependencies in R code ... OK
* checking S3 generic/method consistency ... OK
* checking replacement functions ... OK
* checking foreign function calls ... OK
* checking R code for possible problems ... NOTE
cartLM: no visible global function definition for 'model.frame'
Undefined global functions or variables:
  model.frame
Consider adding
  importFrom("stats", "model.frame")
to your NAMESPACE file.
* checking Rd files ... WARNING
prepare_Rd: cartlm-package.Rd:27: All text must be in a section
prepare_Rd: cartlm-package.Rd:28: All text must be in a section
* checking Rd metadata ... OK
* checking Rd cross-references ... NOTE
Unknown package '<pkg>' in Rd xrefs
* checking for missing documentation entries ... WARNING
Undocumented code objects:
  'cartReg' 'predictCart'
All user-level objects in a package should have documentation entries.
See chapter 'Writing R documentation files' in the 'Writing R
Extensions' manual.
* checking for code/documentation mismatches ... OK
* checking Rd \usage sections ... OK
* checking Rd contents ... OK
* checking for unstated dependencies in examples ... ERROR
Warning: parse error in file 'lines':
11: unexpected symbol
37: 
38: ~~ simple examples
              ^
** will not attempt to run examples
* checking line endings in C/C++/Fortran sources/headers ... NOTE
Found the following sources/headers with CR or CRLF line endings:
  src/RcppExports.cpp
  src/linearModel.h
  src/reglm.cpp
  src/utils.h
Some Unix compilers require LF line endings.
* checking line endings in Makefiles ... OK
* checking compilation flags in Makevars ... OK
* checking for GNU extensions in Makefiles ... OK
* checking for portable use of $(BLAS_LIBS) and $(LAPACK_LIBS) ... OK
* checking use of PKG_*FLAGS in Makefiles ... OK
* checking compiled code ... WARNING
File 'cartlm/libs/x64/cartlm.dll':
  Found 'abort', possibly from 'abort' (C), 'runtime' (Fortran)
    Objects: 'RcppExports.o', 'reglm.o'

Compiled code should not call entry points which might terminate R nor
write to stdout/stderr instead of to the console, nor use Fortran I/O
nor system RNGs.

See 'Writing portable packages' in the 'Writing R Extensions' manual.
* checking examples ... SKIPPED
* DONE
Status: 1 ERROR, 7 WARNINGs, 6 NOTEs
